nohup: ignoring input
['/scratch/database/nihao/nihao_classic/g2.79e12/g2.79e12.00016', '/scratch/database/nihao/nihao_classic/g2.79e12/g2.79e12.00032', '/scratch/database/nihao/nihao_classic/g2.79e12/g2.79e12.00048', '/scratch/database/nihao/nihao_classic/g2.79e12/g2.79e12.00064', '/scratch/database/nihao/nihao_classic/g2.79e12/g2.79e12.00080', '/scratch/database/nihao/nihao_classic/g2.79e12/g2.79e12.00096', '/scratch/database/nihao/nihao_classic/g2.79e12/g2.79e12.00112', '/scratch/database/nihao/nihao_classic/g2.79e12/g2.79e12.00128', '/scratch/database/nihao/nihao_classic/g2.79e12/g2.79e12.00144', '/scratch/database/nihao/nihao_classic/g2.79e12/g2.79e12.00160', '/scratch/database/nihao/nihao_classic/g2.79e12/g2.79e12.00176', '/scratch/database/nihao/nihao_classic/g2.79e12/g2.79e12.00192', '/scratch/database/nihao/nihao_classic/g2.79e12/g2.79e12.00208', '/scratch/database/nihao/nihao_classic/g2.79e12/g2.79e12.00224', '/scratch/database/nihao/nihao_classic/g2.79e12/g2.79e12.00240', '/scratch/database/nihao/nihao_classic/g2.79e12/g2.79e12.00256', '/scratch/database/nihao/nihao_classic/g2.79e12/g2.79e12.00272', '/scratch/database/nihao/nihao_classic/g2.79e12/g2.79e12.00288', '/scratch/database/nihao/nihao_classic/g2.79e12/g2.79e12.00304', '/scratch/database/nihao/nihao_classic/g2.79e12/g2.79e12.00320', '/scratch/database/nihao/nihao_classic/g2.79e12/g2.79e12.00336', '/scratch/database/nihao/nihao_classic/g2.79e12/g2.79e12.00352', '/scratch/database/nihao/nihao_classic/g2.79e12/g2.79e12.00368', '/scratch/database/nihao/nihao_classic/g2.79e12/g2.79e12.00384', '/scratch/database/nihao/nihao_classic/g2.79e12/g2.79e12.00400', '/scratch/database/nihao/nihao_classic/g2.79e12/g2.79e12.00416', '/scratch/database/nihao/nihao_classic/g2.79e12/g2.79e12.00432', '/scratch/database/nihao/nihao_classic/g2.79e12/g2.79e12.00448', '/scratch/database/nihao/nihao_classic/g2.79e12/g2.79e12.00464', '/scratch/database/nihao/nihao_classic/g2.79e12/g2.79e12.00480', '/scratch/database/nihao/nihao_classic/g2.79e12/g2.79e12.00496', '/scratch/database/nihao/nihao_classic/g2.79e12/g2.79e12.00512', '/scratch/database/nihao/nihao_classic/g2.79e12/g2.79e12.00528', '/scratch/database/nihao/nihao_classic/g2.79e12/g2.79e12.00544', '/scratch/database/nihao/nihao_classic/g2.79e12/g2.79e12.00560', '/scratch/database/nihao/nihao_classic/g2.79e12/g2.79e12.00576', '/scratch/database/nihao/nihao_classic/g2.79e12/g2.79e12.00592', '/scratch/database/nihao/nihao_classic/g2.79e12/g2.79e12.00608', '/scratch/database/nihao/nihao_classic/g2.79e12/g2.79e12.00624', '/scratch/database/nihao/nihao_classic/g2.79e12/g2.79e12.00640', '/scratch/database/nihao/nihao_classic/g2.79e12/g2.79e12.00656', '/scratch/database/nihao/nihao_classic/g2.79e12/g2.79e12.00672', '/scratch/database/nihao/nihao_classic/g2.79e12/g2.79e12.00688', '/scratch/database/nihao/nihao_classic/g2.79e12/g2.79e12.00704', '/scratch/database/nihao/nihao_classic/g2.79e12/g2.79e12.00720', '/scratch/database/nihao/nihao_classic/g2.79e12/g2.79e12.00736', '/scratch/database/nihao/nihao_classic/g2.79e12/g2.79e12.00752', '/scratch/database/nihao/nihao_classic/g2.79e12/g2.79e12.00768', '/scratch/database/nihao/nihao_classic/g2.79e12/g2.79e12.00784', '/scratch/database/nihao/nihao_classic/g2.79e12/g2.79e12.00800', '/scratch/database/nihao/nihao_classic/g2.79e12/g2.79e12.00816', '/scratch/database/nihao/nihao_classic/g2.79e12/g2.79e12.00832', '/scratch/database/nihao/nihao_classic/g2.79e12/g2.79e12.00848', '/scratch/database/nihao/nihao_classic/g2.79e12/g2.79e12.00864', '/scratch/database/nihao/nihao_classic/g2.79e12/g2.79e12.00880', '/scratch/database/nihao/nihao_classic/g2.79e12/g2.79e12.00896', '/scratch/database/nihao/nihao_classic/g2.79e12/g2.79e12.00912', '/scratch/database/nihao/nihao_classic/g2.79e12/g2.79e12.00928', '/scratch/database/nihao/nihao_classic/g2.79e12/g2.79e12.00944', '/scratch/database/nihao/nihao_classic/g2.79e12/g2.79e12.00960', '/scratch/database/nihao/nihao_classic/g2.79e12/g2.79e12.00976', '/scratch/database/nihao/nihao_classic/g2.79e12/g2.79e12.00992', '/scratch/database/nihao/nihao_classic/g2.79e12/g2.79e12.01008',  : cannot connect to X server localhost:15.0
'/scratch/database/nihao/nihao_classic/g2.79e12/g2.79e12.01024']
printed datafiles above
4.56122533891
4.02191971968
3.59590667304
3.24922248224
2.96048802717
2.715517901
2.50449836468
2.32040553412
2.15806863037
2.01358955858
1.88396936998
1.76685998048
1.66039448993
1.56306837482
1.47365451099
1.39114123528
1.31468643278
1.24358298463
1.17723240756
1.11512449207
1.0568213952
1.00194508427
0.950167330364
0.901201664391
0.854796856883
0.810731593961
0.768810098834
0.728858507473
0.690721850102
0.654261522808
0.619353158234
0.585884823282
0.553755486275
0.52287370743
0.493156515306
0.464528438928
0.436920670813
0.410270340556
0.384519882184
0.359616481365
0.335511590858
0.312160504523
0.289521981726
0.267557915271
0.246233037058
0.2255146565
0.205372427525
0.185778140525
0.166705536199
0.148130138611
0.130029105178
0.112381091608
0.0951661300672
0.0783655190692
0.0619617237985
0.0459382857129
0.0302797404329
0.0149715430385
1.57651669497e-14
here already
