['/scratch/database/nihao/nihao_classic/g4.90e11/g4.90e11.00016', '/scratch/database/nihao/nihao_classic/g4.90e11/g4.90e11.00032', '/scratch/database/nihao/nihao_classic/g4.90e11/g4.90e11.00048', '/scratch/database/nihao/nihao_classic/g4.90e11/g4.90e11.00064', '/scratch/database/nihao/nihao_classic/g4.90e11/g4.90e11.00080', '/scratch/database/nihao/nihao_classic/g4.90e11/g4.90e11.00096', '/scratch/database/nihao/nihao_classic/g4.90e11/g4.90e11.00112', '/scratch/database/nihao/nihao_classic/g4.90e11/g4.90e11.00128', '/scratch/database/nihao/nihao_classic/g4.90e11/g4.90e11.00144', '/scratch/database/nihao/nihao_classic/g4.90e11/g4.90e11.00160', '/scratch/database/nihao/nihao_classic/g4.90e11/g4.90e11.00176', '/scratch/database/nihao/nihao_classic/g4.90e11/g4.90e11.00192', '/scratch/database/nihao/nihao_classic/g4.90e11/g4.90e11.00208', '/scratch/database/nihao/nihao_classic/g4.90e11/g4.90e11.00224', '/scratch/database/nihao/nihao_classic/g4.90e11/g4.90e11.00240', '/scratch/database/nihao/nihao_classic/g4.90e11/g4.90e11.00256', '/scratch/database/nihao/nihao_classic/g4.90e11/g4.90e11.00272', '/scratch/database/nihao/nihao_classic/g4.90e11/g4.90e11.00288', '/scratch/database/nihao/nihao_classic/g4.90e11/g4.90e11.00304', '/scratch/database/nihao/nihao_classic/g4.90e11/g4.90e11.00320', '/scratch/database/nihao/nihao_classic/g4.90e11/g4.90e11.00336', '/scratch/database/nihao/nihao_classic/g4.90e11/g4.90e11.00352', '/scratch/database/nihao/nihao_classic/g4.90e11/g4.90e11.00368', '/scratch/database/nihao/nihao_classic/g4.90e11/g4.90e11.00384', '/scratch/database/nihao/nihao_classic/g4.90e11/g4.90e11.00400', '/scratch/database/nihao/nihao_classic/g4.90e11/g4.90e11.00416', '/scratch/database/nihao/nihao_classic/g4.90e11/g4.90e11.00432', '/scratch/database/nihao/nihao_classic/g4.90e11/g4.90e11.00448', '/scratch/database/nihao/nihao_classic/g4.90e11/g4.90e11.00464', '/scratch/database/nihao/nihao_classic/g4.90e11/g4.90e11.00480', '/scratch/database/nihao/nihao_classic/g4.90e11/g4.90e11.00496', '/scratch/database/nihao/nihao_classic/g4.90e11/g4.90e11.00512', '/scratch/database/nihao/nihao_classic/g4.90e11/g4.90e11.00528', '/scratch/database/nihao/nihao_classic/g4.90e11/g4.90e11.00544', '/scratch/database/nihao/nihao_classic/g4.90e11/g4.90e11.00560', '/scratch/database/nihao/nihao_classic/g4.90e11/g4.90e11.00576', '/scratch/database/nihao/nihao_classic/g4.90e11/g4.90e11.00592', '/scratch/database/nihao/nihao_classic/g4.90e11/g4.90e11.00608', '/scratch/database/nihao/nihao_classic/g4.90e11/g4.90e11.00624', '/scratch/database/nihao/nihao_classic/g4.90e11/g4.90e11.00640', '/scratch/database/nihao/nihao_classic/g4.90e11/g4.90e11.00656', '/scratch/database/nihao/nihao_classic/g4.90e11/g4.90e11.00672', '/scratch/database/nihao/nihao_classic/g4.90e11/g4.90e11.00688', '/scratch/database/nihao/nihao_classic/g4.90e11/g4.90e11.00704', '/scratch/database/nihao/nihao_classic/g4.90e11/g4.90e11.00720', '/scratch/database/nihao/nihao_classic/g4.90e11/g4.90e11.00736', '/scratch/database/nihao/nihao_classic/g4.90e11/g4.90e11.00752', '/scratch/database/nihao/nihao_classic/g4.90e11/g4.90e11.00768', '/scratch/database/nihao/nihao_classic/g4.90e11/g4.90e11.00784', '/scratch/database/nihao/nihao_classic/g4.90e11/g4.90e11.00800', '/scratch/database/nihao/nihao_classic/g4.90e11/g4.90e11.00816', '/scratch/database/nihao/nihao_classic/g4.90e11/g4.90e11.00832', '/scratch/database/nihao/nihao_classic/g4.90e11/g4.90e11.00848', '/scratch/database/nihao/nihao_classic/g4.90e11/g4.90e11.00864', '/scratch/database/nihao/nihao_classic/g4.90e11/g4.90e11.00880', '/scratch/database/nihao/nihao_classic/g4.90e11/g4.90e11.00896', '/scratch/database/nihao/nihao_classic/g4.90e11/g4.90e11.00912', '/scratch/database/nihao/nihao_classic/g4.90e11/g4.90e11.00928', '/scratch/database/nihao/nihao_classic/g4.90e11/g4.90e11.00944', '/scratch/database/nihao/nihao_classic/g4.90e11/g4.90e11.00960', '/scratch/database/nihao/nihao_classic/g4.90e11/g4.90e11.00976', '/scratch/database/nihao/nihao_classic/g4.90e11/g4.90e11.00992', '/scratch/database/nihao/nihao_classic/g4.90e11/g4.90e11.01008', '/scratch/database/nihao/nihao_classic/g4.90e11/g4.90e11.01024']
printed datafiles above
1.57651669497e-14
here already
['/scratch/database/nihao/nihao_classic/g8.26e11/g8.26e11.00016', '/scratch/database/nihao/nihao_classic/g8.26e11/g8.26e11.00032', '/scratch/database/nihao/nihao_classic/g8.26e11/g8.26e11.00048', '/scratch/database/nihao/nihao_classic/g8.26e11/g8.26e11.00064', '/scratch/database/nihao/nihao_classic/g8.26e11/g8.26e11.00080', '/scratch/database/nihao/nihao_classic/g8.26e11/g8.26e11.00096', '/scratch/database/nihao/nihao_classic/g8.26e11/g8.26e11.00112', '/scratch/database/nihao/nihao_classic/g8.26e11/g8.26e11.00128', '/scratch/database/nihao/nihao_classic/g8.26e11/g8.26e11.00144', '/scratch/database/nihao/nihao_classic/g8.26e11/g8.26e11.00160', '/scratch/database/nihao/nihao_classic/g8.26e11/g8.26e11.00176', '/scratch/database/nihao/nihao_classic/g8.26e11/g8.26e11.00192', '/scratch/database/nihao/nihao_classic/g8.26e11/g8.26e11.00208', '/scratch/database/nihao/nihao_classic/g8.26e11/g8.26e11.00224', '/scratch/database/nihao/nihao_classic/g8.26e11/g8.26e11.00240', '/scratch/database/nihao/nihao_classic/g8.26e11/g8.26e11.00256', '/scratch/database/nihao/nihao_classic/g8.26e11/g8.26e11.00272', '/scratch/database/nihao/nihao_classic/g8.26e11/g8.26e11.00288', '/scratch/database/nihao/nihao_classic/g8.26e11/g8.26e11.00304', '/scratch/database/nihao/nihao_classic/g8.26e11/g8.26e11.00320', '/scratch/database/nihao/nihao_classic/g8.26e11/g8.26e11.00336', '/scratch/database/nihao/nihao_classic/g8.26e11/g8.26e11.00352', '/scratch/database/nihao/nihao_classic/g8.26e11/g8.26e11.00368', '/scratch/database/nihao/nihao_classic/g8.26e11/g8.26e11.00384', '/scratch/database/nihao/nihao_classic/g8.26e11/g8.26e11.00400', '/scratch/database/nihao/nihao_classic/g8.26e11/g8.26e11.00416', '/scratch/database/nihao/nihao_classic/g8.26e11/g8.26e11.00432', '/scratch/database/nihao/nihao_classic/g8.26e11/g8.26e11.00448', '/scratch/database/nihao/nihao_classic/g8.26e11/g8.26e11.00464', '/scratch/database/nihao/nihao_classic/g8.26e11/g8.26e11.00480', '/scratch/database/nihao/nihao_classic/g8.26e11/g8.26e11.00496', '/scratch/database/nihao/nihao_classic/g8.26e11/g8.26e11.00512', '/scratch/database/nihao/nihao_classic/g8.26e11/g8.26e11.00528', '/scratch/database/nihao/nihao_classic/g8.26e11/g8.26e11.00544', '/scratch/database/nihao/nihao_classic/g8.26e11/g8.26e11.00560', '/scratch/database/nihao/nihao_classic/g8.26e11/g8.26e11.00576', '/scratch/database/nihao/nihao_classic/g8.26e11/g8.26e11.00592', '/scratch/database/nihao/nihao_classic/g8.26e11/g8.26e11.00608', '/scratch/database/nihao/nihao_classic/g8.26e11/g8.26e11.00624', '/scratch/database/nihao/nihao_classic/g8.26e11/g8.26e11.00640', '/scratch/database/nihao/nihao_classic/g8.26e11/g8.26e11.00656', '/scratch/database/nihao/nihao_classic/g8.26e11/g8.26e11.00672', '/scratch/database/nihao/nihao_classic/g8.26e11/g8.26e11.00688', '/scratch/database/nihao/nihao_classic/g8.26e11/g8.26e11.00704', '/scratch/database/nihao/nihao_classic/g8.26e11/g8.26e11.00720', '/scratch/database/nihao/nihao_classic/g8.26e11/g8.26e11.00736', '/scratch/database/nihao/nihao_classic/g8.26e11/g8.26e11.00752', '/scratch/database/nihao/nihao_classic/g8.26e11/g8.26e11.00768', '/scratch/database/nihao/nihao_classic/g8.26e11/g8.26e11.00784', '/scratch/database/nihao/nihao_classic/g8.26e11/g8.26e11.00800', '/scratch/database/nihao/nihao_classic/g8.26e11/g8.26e11.00816', '/scratch/database/nihao/nihao_classic/g8.26e11/g8.26e11.00832', '/scratch/database/nihao/nihao_classic/g8.26e11/g8.26e11.00848', '/scratch/database/nihao/nihao_classic/g8.26e11/g8.26e11.00864', '/scratch/database/nihao/nihao_classic/g8.26e11/g8.26e11.00880', '/scratch/database/nihao/nihao_classic/g8.26e11/g8.26e11.00896', '/scratch/database/nihao/nihao_classic/g8.26e11/g8.26e11.00912', '/scratch/database/nihao/nihao_classic/g8.26e11/g8.26e11.00928', '/scratch/database/nihao/nihao_classic/g8.26e11/g8.26e11.00944', '/scratch/database/nihao/nihao_classic/g8.26e11/g8.26e11.00960', '/scratch/database/nihao/nihao_classic/g8.26e11/g8.26e11.00976', '/scratch/database/nihao/nihao_classic/g8.26e11/g8.26e11.00992', '/scratch/database/nihao/nihao_classic/g8.26e11/g8.26e11.01008', '/scratch/database/nihao/nihao_classic/g8.26e11/g8.26e11.01024']
printed datafiles above
4.56122533891
here already
4.02191971968
here already
3.59590667304
here already
3.24922248224
here already
2.96048802717
here already
2.715517901
here already
2.50449836468
here already
2.32040553412
here already
2.15806863037
here already
2.01358955858
here already
1.88396936998
here already
1.76685998048
here already
1.66039448993
here already
1.56306837482
here already
1.47365451099
here already
1.39114123528
here already
1.31468643278
here already
1.24358298463
here already
1.17723240756
here already
1.11512449207
here already
1.0568213952
here already
1.00194508427
here already
0.950167330364
here already
0.901201664391
here already
0.854796856883
here already
0.810731593961
here already
0.768810098834
here already
0.728858507473
here already
0.690721850102
here already
0.654261522808
here already
0.619353158234
here already
0.585884823282
here already
0.553755486275
here already
0.52287370743
here already
0.493156515306
here already
0.464528438928
here already
0.436920670813
here already
0.410270340556
here already
0.384519882184
here already
0.359616481365
here already
0.335511590858
here already
0.312160504523
here already
0.289521981726
here already
0.267557915271
here already
0.246233037058
here already
0.2255146565
here already
0.205372427525
here already
0.185778140525
here already
0.166705536199
here already
0.148130138611
here already
0.130029105178
here already
0.112381091608
here already
0.0951661300672
here already
0.0783655190692
here already
0.0619617237985
here already
0.0459382857129
here already
0.0302797404329
here already
0.0149715430385
here already
1.57651669497e-14
here already
['/scratch/database/nihao/nihao_classic/g5.38e11/g5.38e11.00016', '/scratch/database/nihao/nihao_classic/g5.38e11/g5.38e11.00032', '/scratch/database/nihao/nihao_classic/g5.38e11/g5.38e11.00048', '/scratch/database/nihao/nihao_classic/g5.38e11/g5.38e11.00064', '/scratch/database/nihao/nihao_classic/g5.38e11/g5.38e11.00080', '/scratch/database/nihao/nihao_classic/g5.38e11/g5.38e11.00096', '/scratch/database/nihao/nihao_classic/g5.38e11/g5.38e11.00112', '/scratch/database/nihao/nihao_classic/g5.38e11/g5.38e11.00128', '/scratch/database/nihao/nihao_classic/g5.38e11/g5.38e11.00144', '/scratch/database/nihao/nihao_classic/g5.38e11/g5.38e11.00160', '/scratch/database/nihao/nihao_classic/g5.38e11/g5.38e11.00176', '/scratch/database/nihao/nihao_classic/g5.38e11/g5.38e11.00192', '/scratch/database/nihao/nihao_classic/g5.38e11/g5.38e11.00208', '/scratch/database/nihao/nihao_classic/g5.38e11/g5.38e11.00224', '/scratch/database/nihao/nihao_classic/g5.38e11/g5.38e11.00240', '/scratch/database/nihao/nihao_classic/g5.38e11/g5.38e11.00256', '/scratch/database/nihao/nihao_classic/g5.38e11/g5.38e11.00272', '/scratch/database/nihao/nihao_classic/g5.38e11/g5.38e11.00288', '/scratch/database/nihao/nihao_classic/g5.38e11/g5.38e11.00304', '/scratch/database/nihao/nihao_classic/g5.38e11/g5.38e11.00320', '/scratch/database/nihao/nihao_classic/g5.38e11/g5.38e11.00336', '/scratch/database/nihao/nihao_classic/g5.38e11/g5.38e11.00352', '/scratch/database/nihao/nihao_classic/g5.38e11/g5.38e11.00368', '/scratch/database/nihao/nihao_classic/g5.38e11/g5.38e11.00384', '/scratch/database/nihao/nihao_classic/g5.38e11/g5.38e11.00400', '/scratch/database/nihao/nihao_classic/g5.38e11/g5.38e11.00416', '/scratch/database/nihao/nihao_classic/g5.38e11/g5.38e11.00432', '/scratch/database/nihao/nihao_classic/g5.38e11/g5.38e11.00448', '/scratch/database/nihao/nihao_classic/g5.38e11/g5.38e11.00464', '/scratch/database/nihao/nihao_classic/g5.38e11/g5.38e11.00480', '/scratch/database/nihao/nihao_classic/g5.38e11/g5.38e11.00496', '/scratch/database/nihao/nihao_classic/g5.38e11/g5.38e11.00512', '/scratch/database/nihao/nihao_classic/g5.38e11/g5.38e11.00528', '/scratch/database/nihao/nihao_classic/g5.38e11/g5.38e11.00544', '/scratch/database/nihao/nihao_classic/g5.38e11/g5.38e11.00560', '/scratch/database/nihao/nihao_classic/g5.38e11/g5.38e11.00576', '/scratch/database/nihao/nihao_classic/g5.38e11/g5.38e11.00592', '/scratch/database/nihao/nihao_classic/g5.38e11/g5.38e11.00608', '/scratch/database/nihao/nihao_classic/g5.38e11/g5.38e11.00624', '/scratch/database/nihao/nihao_classic/g5.38e11/g5.38e11.00640', '/scratch/database/nihao/nihao_classic/g5.38e11/g5.38e11.00656', '/scratch/database/nihao/nihao_classic/g5.38e11/g5.38e11.00672', '/scratch/database/nihao/nihao_classic/g5.38e11/g5.38e11.00688', '/scratch/database/nihao/nihao_classic/g5.38e11/g5.38e11.00704', '/scratch/database/nihao/nihao_classic/g5.38e11/g5.38e11.00720', '/scratch/database/nihao/nihao_classic/g5.38e11/g5.38e11.00736', '/scratch/database/nihao/nihao_classic/g5.38e11/g5.38e11.00752', '/scratch/database/nihao/nihao_classic/g5.38e11/g5.38e11.00768', '/scratch/database/nihao/nihao_classic/g5.38e11/g5.38e11.00784', '/scratch/database/nihao/nihao_classic/g5.38e11/g5.38e11.00800', '/scratch/database/nihao/nihao_classic/g5.38e11/g5.38e11.00816', '/scratch/database/nihao/nihao_classic/g5.38e11/g5.38e11.00832', '/scratch/database/nihao/nihao_classic/g5.38e11/g5.38e11.00848', '/scratch/database/nihao/nihao_classic/g5.38e11/g5.38e11.00864', '/scratch/database/nihao/nihao_classic/g5.38e11/g5.38e11.00880', '/scratch/database/nihao/nihao_classic/g5.38e11/g5.38e11.00896', '/scratch/database/nihao/nihao_classic/g5.38e11/g5.38e11.00912', '/scratch/database/nihao/nihao_classic/g5.38e11/g5.38e11.00928', '/scratch/database/nihao/nihao_classic/g5.38e11/g5.38e11.00944', '/scratch/database/nihao/nihao_classic/g5.38e11/g5.38e11.00960', '/scratch/database/nihao/nihao_classic/g5.38e11/g5.38e11.00976', '/scratch/database/nihao/nihao_classic/g5.38e11/g5.38e11.00992', '/scratch/database/nihao/nihao_classic/g5.38e11/g5.38e11.01008', '/scratch/database/nihao/nihao_classic/g5.38e11/g5.38e11.01024']
printed datafiles above
1.57651669497e-14
here already
['/scratch/database/nihao/nihao_classic/g1.37e11/g1.37e11.00016', '/scratch/database/nihao/nihao_classic/g1.37e11/g1.37e11.00032', '/scratch/database/nihao/nihao_classic/g1.37e11/g1.37e11.00048', '/scratch/database/nihao/nihao_classic/g1.37e11/g1.37e11.00064', '/scratch/database/nihao/nihao_classic/g1.37e11/g1.37e11.00080', '/scratch/database/nihao/nihao_classic/g1.37e11/g1.37e11.00096', '/scratch/database/nihao/nihao_classic/g1.37e11/g1.37e11.00112', '/scratch/database/nihao/nihao_classic/g1.37e11/g1.37e11.00128', '/scratch/database/nihao/nihao_classic/g1.37e11/g1.37e11.00144', '/scratch/database/nihao/nihao_classic/g1.37e11/g1.37e11.00160', '/scratch/database/nihao/nihao_classic/g1.37e11/g1.37e11.00176', '/scratch/database/nihao/nihao_classic/g1.37e11/g1.37e11.00192', '/scratch/database/nihao/nihao_classic/g1.37e11/g1.37e11.00208', '/scratch/database/nihao/nihao_classic/g1.37e11/g1.37e11.00224', '/scratch/database/nihao/nihao_classic/g1.37e11/g1.37e11.00240', '/scratch/database/nihao/nihao_classic/g1.37e11/g1.37e11.00256', '/scratch/database/nihao/nihao_classic/g1.37e11/g1.37e11.00272', '/scratch/database/nihao/nihao_classic/g1.37e11/g1.37e11.00288', '/scratch/database/nihao/nihao_classic/g1.37e11/g1.37e11.00304', '/scratch/database/nihao/nihao_classic/g1.37e11/g1.37e11.00320', '/scratch/database/nihao/nihao_classic/g1.37e11/g1.37e11.00336', '/scratch/database/nihao/nihao_classic/g1.37e11/g1.37e11.00352', '/scratch/database/nihao/nihao_classic/g1.37e11/g1.37e11.00368', '/scratch/database/nihao/nihao_classic/g1.37e11/g1.37e11.00384', '/scratch/database/nihao/nihao_classic/g1.37e11/g1.37e11.00400', '/scratch/database/nihao/nihao_classic/g1.37e11/g1.37e11.00416', '/scratch/database/nihao/nihao_classic/g1.37e11/g1.37e11.00432', '/scratch/database/nihao/nihao_classic/g1.37e11/g1.37e11.00448', '/scratch/database/nihao/nihao_classic/g1.37e11/g1.37e11.00464', '/scratch/database/nihao/nihao_classic/g1.37e11/g1.37e11.00480', '/scratch/database/nihao/nihao_classic/g1.37e11/g1.37e11.00496', '/scratch/database/nihao/nihao_classic/g1.37e11/g1.37e11.00512', '/scratch/database/nihao/nihao_classic/g1.37e11/g1.37e11.00528', '/scratch/database/nihao/nihao_classic/g1.37e11/g1.37e11.00544', '/scratch/database/nihao/nihao_classic/g1.37e11/g1.37e11.00560', '/scratch/database/nihao/nihao_classic/g1.37e11/g1.37e11.00576', '/scratch/database/nihao/nihao_classic/g1.37e11/g1.37e11.00592', '/scratch/database/nihao/nihao_classic/g1.37e11/g1.37e11.00608', '/scratch/database/nihao/nihao_classic/g1.37e11/g1.37e11.00624', '/scratch/database/nihao/nihao_classic/g1.37e11/g1.37e11.00640', '/scratch/database/nihao/nihao_classic/g1.37e11/g1.37e11.00656', '/scratch/database/nihao/nihao_classic/g1.37e11/g1.37e11.00672', '/scratch/database/nihao/nihao_classic/g1.37e11/g1.37e11.00688', '/scratch/database/nihao/nihao_classic/g1.37e11/g1.37e11.00704', '/scratch/database/nihao/nihao_classic/g1.37e11/g1.37e11.00720', '/scratch/database/nihao/nihao_classic/g1.37e11/g1.37e11.00736', '/scratch/database/nihao/nihao_classic/g1.37e11/g1.37e11.00752', '/scratch/database/nihao/nihao_classic/g1.37e11/g1.37e11.00768', '/scratch/database/nihao/nihao_classic/g1.37e11/g1.37e11.00784', '/scratch/database/nihao/nihao_classic/g1.37e11/g1.37e11.00800', '/scratch/database/nihao/nihao_classic/g1.37e11/g1.37e11.00816', '/scratch/database/nihao/nihao_classic/g1.37e11/g1.37e11.00832', '/scratch/database/nihao/nihao_classic/g1.37e11/g1.37e11.00848', '/scratch/database/nihao/nihao_classic/g1.37e11/g1.37e11.00864', '/scratch/database/nihao/nihao_classic/g1.37e11/g1.37e11.00880', '/scratch/database/nihao/nihao_classic/g1.37e11/g1.37e11.00896', '/scratch/database/nihao/nihao_classic/g1.37e11/g1.37e11.00912', '/scratch/database/nihao/nihao_classic/g1.37e11/g1.37e11.00928', '/scratch/database/nihao/nihao_classic/g1.37e11/g1.37e11.00944', '/scratch/database/nihao/nihao_classic/g1.37e11/g1.37e11.00960', '/scratch/database/nihao/nihao_classic/g1.37e11/g1.37e11.00976', '/scratch/database/nihao/nihao_classic/g1.37e11/g1.37e11.00992', '/scratch/database/nihao/nihao_classic/g1.37e11/g1.37e11.01008', '/scratch/database/nihao/nihao_classic/g1.37e11/g1.37e11.01024']
printed datafiles above
1.57651669497e-14
here already
